[09:10:51] kw='Product Marketing Manager'                         found= 11  cumulative= 11
[09:11:05] kw='GTM Strategy Lead'                                 found=  9  cumulative= 20
[09:11:19] kw='Marketing Business Analyst'                        found= 10  cumulative= 30
[09:11:33] kw='Product Growth Manager'                            found=  4  cumulative= 34
[09:11:47] kw='Produktmarketingmanager'                           found=  3  cumulative= 37
[09:12:01] kw='GTM Strategist'                                    found=  5  cumulative= 42
[09:12:15] kw='Marketing Business Analyst'                        found=  2  cumulative= 44
[09:12:29] kw='Produkt-Launch-Manager'                            found=  8  cumulative= 52
[09:15:27] kw='Product Marketing Manager'                         found=  0  cumulative= 52
[09:15:49] kw='Senior Product Marketer'                           found=  5  cumulative= 57
[09:16:03] kw='B2B Product Marketing Manager'                     found=  2  cumulative= 59
[09:16:16] kw='Business Analyst (Marketing Focus)'                found=  8  cumulative= 67
[09:16:30] kw='Marketing Insights Specialist'                     found=  8  cumulative= 75
[09:16:44] kw='CRM Marketing Manager'                             found=  1  cumulative= 76
[09:16:58] kw='Campaign Performance Analyst'                      found=  4  cumulative= 80
[09:17:12] kw='Digital Product Marketer'                          found=  4  cumulative= 84
[09:17:27] kw='Marketing Communication Manager'                   found=  1  cumulative= 85
[09:17:40] kw='GTM (Go-to-Market) Strategy Lead'                  found=  7  cumulative= 92
[09:17:54] kw='Sales Enablement Manager'                          found= 11  cumulative=103
[09:18:07] kw='Revenue Operations (RevOps) Specialist'            found=  1  cumulative=104
[09:18:21] kw='Growth Marketing Manager'                          found=  2  cumulative=106
[09:18:44] kw='Competitive Intelligence Analyst'                  found=  9  cumulative=115
[09:18:58] kw='Lifecycle Marketing Manager'                       found=  3  cumulative=118
[09:19:12] kw='Product Positioning & Messaging Lead'              found= 10  cumulative=128
[09:19:26] kw='Commercialization Manager'                         found=  3  cumulative=131
[09:19:40] kw='Portfolio Marketing Manager'                       found=  0  cumulative=131
[09:19:54] kw='Solution Marketing Manager'                        found=  1  cumulative=132
